<?xml version="1.0" encoding="UTF-8"?>
<!-- Generated by org.testng.reporters.JUnitReportReporter -->
<testsuite skipped="0" hostname="UFSG-RONWALDSANDOVAL" name="TestLogin.UserAccountTest" tests="2" failures="0" timestamp="2019-12-16T11:42:15 SGT" time="85.148" errors="0">
  <testcase name="testSuccessfulLogin" time="39.522" classname="TestLogin.UserAccountTest"/>
  <testcase name="testAddAddress" time="45.626" classname="TestLogin.UserAccountTest"/>
</testsuite> <!-- TestLogin.UserAccountTest -->
