<?xml version="1.0" encoding="UTF-8"?>
<!-- Generated by org.testng.reporters.JUnitReportReporter -->
<testsuite skipped="0" hostname="UFSG-RONWALDSANDOVAL" name="TestLogin.NewTest" tests="1" failures="0" timestamp="2019-11-01T18:12:30 SGT" time="24.131" errors="0">
  <testcase name="testSuccessfulLogin" time="24.131" classname="TestLogin.NewTest"/>
</testsuite> <!-- TestLogin.NewTest -->
