<?xml version="1.0" encoding="UTF-8"?>
<!-- Generated by org.testng.reporters.JUnitReportReporter -->
<testsuite skipped="0" hostname="UFSG-RONWALDSANDOVAL" name="TestLogin.UserAccountTest" tests="2" failures="0" timestamp="2019-11-20T11:23:55 SGT" time="97.086" errors="0">
  <testcase name="testSuccessfulLogin" time="46.656" classname="TestLogin.UserAccountTest"/>
  <testcase name="testAddAddress" time="50.430" classname="TestLogin.UserAccountTest"/>
</testsuite> <!-- TestLogin.UserAccountTest -->
