<?xml version="1.0" encoding="UTF-8"?>
<!-- Generated by org.testng.reporters.JUnitReportReporter -->
<testsuite skipped="0" hostname="UFSG-RONWALDSANDOVAL" name="TestLogin.UserAccountTest" tests="2" failures="0" timestamp="2019-11-04T16:46:15 SGT" time="74.609" errors="0">
  <testcase name="testSuccessfulLogin" time="28.217" classname="TestLogin.UserAccountTest"/>
  <testcase name="testAddAddress" time="46.392" classname="TestLogin.UserAccountTest"/>
</testsuite> <!-- TestLogin.UserAccountTest -->
