<?xml version="1.0" encoding="UTF-8"?>
<!-- Generated by org.testng.reporters.JUnitReportReporter -->
<testsuite skipped="0" hostname="UFSG-RONWALDSANDOVAL" name="TestLogin.NewTest" tests="2" failures="0" timestamp="2019-11-04T16:37:50 SGT" time="77.879" errors="0">
  <testcase name="testAddAddress" time="49.342" classname="TestLogin.NewTest"/>
  <testcase name="testSuccessfulLogin" time="28.537" classname="TestLogin.NewTest"/>
</testsuite> <!-- TestLogin.NewTest -->
