<?xml version="1.0" encoding="UTF-8"?>
<!-- Generated by org.testng.reporters.JUnitReportReporter -->
<testsuite skipped="0" hostname="UFSG-RONWALDSANDOVAL" name="TestLogin.NewTest" tests="1" failures="0" timestamp="2019-11-04T14:34:28 SGT" time="36.049" errors="0">
  <testcase name="testSuccessfulLogin" time="36.049" classname="TestLogin.NewTest"/>
</testsuite> <!-- TestLogin.NewTest -->
